빌드 시작: 2019-06-13 오후 10:15:23
     1>2 노드의 "C:\Users\JunY\Documents\Visual Studio 2010\Projects\Week13_Day1\Week13_Day1\Week13_Day1.vcxproj" 프로젝트(build 대상)입니다.
     1>InitializeBuildStatus:
         "AlwaysCreate"이(가) 지정되었기 때문에 "Debug\Week13_Day1.unsuccessfulbuild"을(를) 만들고 있습니다.
       ClCompile:
         모든 출력이 최신 상태입니다.
         c:\Program Files (x86)\Microsoft Visual Studio 10.0\VC\bin\CL.exe /c /ZI /nologo /W3 /WX- /Od /Oy- /D WIN32 /D _WINDOWS /D _DEBUG /D _UNICODE /D UNICODE /D _AFXDLL /Gm /EHsc /RTC1 /MDd /GS /fp:precise /Zc:wchar_t /Zc:forScope /Yu"StdAfx.h" /Fp"Debug\Week13_Day1.pch" /Fo"Debug\\" /Fd"Debug\vc100.pdb" /Gd /TP /analyze- /errorReport:prompt ChildView.cpp
         ChildView.cpp
       ResourceCompile:
         모든 출력이 최신 상태입니다.
       ManifestResourceCompile:
         모든 출력이 최신 상태입니다.
       Link:
         c:\Program Files (x86)\Microsoft Visual Studio 10.0\VC\bin\link.exe /ERRORREPORT:PROMPT /OUT:"C:\Users\JunY\Documents\Visual Studio 2010\Projects\Week13_Day1\Debug\Week13_Day1.exe" /INCREMENTAL /NOLOGO /MANIFEST /ManifestFile:"Debug\Week13_Day1.exe.intermediate.manifest" /MANIFESTUAC:"level='asInvoker' uiAccess='false'" /DEBUG /PDB:"C:\Users\JunY\Documents\Visual Studio 2010\Projects\Week13_Day1\Debug\Week13_Day1.pdb" /SUBSYSTEM:WINDOWS /TLBID:1 /ENTRY:"wWinMainCRTStartup" /DYNAMICBASE /NXCOMPAT /IMPLIB:"C:\Users\JunY\Documents\Visual Studio 2010\Projects\Week13_Day1\Debug\Week13_Day1.lib" /MACHINE:X86 Debug\Week13_Day1.res
         Debug\Week13_Day1.exe.embed.manifest.res
         Debug\ChildView.obj
         Debug\MainFrm.obj
         Debug\MyCircle.obj
         Debug\MyRect.obj
         Debug\MyShape.obj
         Debug\stdafx.obj
         Debug\Week13_Day1.obj
       Manifest:
         c:\Program Files (x86)\Microsoft SDKs\Windows\v7.0A\bin\mt.exe /nologo /verbose /out:"Debug\Week13_Day1.exe.embed.manifest" /manifest Debug\Week13_Day1.exe.intermediate.manifest "c:\Program Files (x86)\Microsoft Visual Studio 10.0\VC\Include\Manifest\dpiaware.manifest"
         모든 출력이 최신 상태입니다.
       LinkEmbedManifest:
         모든 출력이 최신 상태입니다.
         Week13_Day1.vcxproj -> C:\Users\JunY\Documents\Visual Studio 2010\Projects\Week13_Day1\Debug\Week13_Day1.exe
       FinalizeBuildStatus:
         "Debug\Week13_Day1.unsuccessfulbuild" 파일을 삭제하고 있습니다.
         "Debug\Week13_Day1.lastbuildstate"에 연결(touching)하고 있습니다.
     1>"C:\Users\JunY\Documents\Visual Studio 2010\Projects\Week13_Day1\Week13_Day1\Week13_Day1.vcxproj" 프로젝트를 빌드했습니다(build 대상).

빌드했습니다.

경과 시간: 00:00:02.50
