C:\USERS\JUNY\DOCUMENTS\VISUAL STUDIO 2010\PROJECTS\WEEK14\DEBUG\WEEK14.EXE
C:\USERS\JUNY\DOCUMENTS\VISUAL STUDIO 2010\PROJECTS\WEEK14\DEBUG\WEEK14.ILK
C:\USERS\JUNY\DOCUMENTS\VISUAL STUDIO 2010\PROJECTS\WEEK14\DEBUG\WEEK14.PDB
C:\USERS\JUNY\DOCUMENTS\VISUAL STUDIO 2010\PROJECTS\WEEK14\WEEK14\DEBUG\CHILDVIEW.OBJ
C:\Users\JunY\Documents\Visual Studio 2010\Projects\Week14\Week14\Debug\cl.command.1.tlog
C:\Users\JunY\Documents\Visual Studio 2010\Projects\Week14\Week14\Debug\CL.read.1.tlog
C:\Users\JunY\Documents\Visual Studio 2010\Projects\Week14\Week14\Debug\CL.write.1.tlog
C:\Users\JunY\Documents\Visual Studio 2010\Projects\Week14\Week14\Debug\link.14328.read.1.tlog
C:\Users\JunY\Documents\Visual Studio 2010\Projects\Week14\Week14\Debug\link.14328.write.1.tlog
C:\Users\JunY\Documents\Visual Studio 2010\Projects\Week14\Week14\Debug\link.14328-cvtres.read.1.tlog
C:\Users\JunY\Documents\Visual Studio 2010\Projects\Week14\Week14\Debug\link.14328-cvtres.write.1.tlog
C:\Users\JunY\Documents\Visual Studio 2010\Projects\Week14\Week14\Debug\link.command.1.tlog
C:\Users\JunY\Documents\Visual Studio 2010\Projects\Week14\Week14\Debug\link.read.1.tlog
C:\Users\JunY\Documents\Visual Studio 2010\Projects\Week14\Week14\Debug\link.write.1.tlog
C:\Users\JunY\Documents\Visual Studio 2010\Projects\Week14\Week14\Debug\link-cvtres.read.1.tlog
C:\Users\JunY\Documents\Visual Studio 2010\Projects\Week14\Week14\Debug\link-cvtres.write.1.tlog
C:\USERS\JUNY\DOCUMENTS\VISUAL STUDIO 2010\PROJECTS\WEEK14\WEEK14\DEBUG\MAINFRM.OBJ
C:\Users\JunY\Documents\Visual Studio 2010\Projects\Week14\Week14\Debug\mt.command.1.tlog
C:\Users\JunY\Documents\Visual Studio 2010\Projects\Week14\Week14\Debug\mt.read.1.tlog
C:\Users\JunY\Documents\Visual Studio 2010\Projects\Week14\Week14\Debug\mt.write.1.tlog
C:\Users\JunY\Documents\Visual Studio 2010\Projects\Week14\Week14\Debug\rc.command.1.tlog
C:\Users\JunY\Documents\Visual Studio 2010\Projects\Week14\Week14\Debug\rc.read.1.tlog
C:\Users\JunY\Documents\Visual Studio 2010\Projects\Week14\Week14\Debug\rc.write.1.tlog
C:\USERS\JUNY\DOCUMENTS\VISUAL STUDIO 2010\PROJECTS\WEEK14\WEEK14\DEBUG\STDAFX.OBJ
C:\Users\JunY\Documents\Visual Studio 2010\Projects\Week14\Week14\Debug\vc100.idb
C:\USERS\JUNY\DOCUMENTS\VISUAL STUDIO 2010\PROJECTS\WEEK14\WEEK14\DEBUG\VC100.PDB
C:\USERS\JUNY\DOCUMENTS\VISUAL STUDIO 2010\PROJECTS\WEEK14\WEEK14\DEBUG\WEEK14.EXE.EMBED.MANIFEST
C:\USERS\JUNY\DOCUMENTS\VISUAL STUDIO 2010\PROJECTS\WEEK14\WEEK14\DEBUG\WEEK14.EXE.EMBED.MANIFEST.RES
C:\USERS\JUNY\DOCUMENTS\VISUAL STUDIO 2010\PROJECTS\WEEK14\WEEK14\DEBUG\WEEK14.EXE.INTERMEDIATE.MANIFEST
C:\USERS\JUNY\DOCUMENTS\VISUAL STUDIO 2010\PROJECTS\WEEK14\WEEK14\DEBUG\WEEK14.OBJ
C:\USERS\JUNY\DOCUMENTS\VISUAL STUDIO 2010\PROJECTS\WEEK14\WEEK14\DEBUG\WEEK14.PCH
C:\USERS\JUNY\DOCUMENTS\VISUAL STUDIO 2010\PROJECTS\WEEK14\WEEK14\DEBUG\WEEK14.RES
C:\Users\JunY\Documents\Visual Studio 2010\Projects\Week14\Week14\Debug\Week14.write.1.tlog
C:\Users\JunY\Documents\Visual Studio 2010\Projects\Week14\Week14\Debug\Week14_manifest.rc
