빌드 시작: 2019-06-11 오후 6:33:13
     1>2 노드의 "C:\Users\JunY\Documents\Visual Studio 2010\Projects\Week11_Day2\ex0115\ex0115.vcxproj" 프로젝트(build 대상)입니다.
     1>InitializeBuildStatus:
         "AlwaysCreate"이(가) 지정되었기 때문에 "Debug\ex0115.unsuccessfulbuild"을(를) 만들고 있습니다.
       ClCompile:
         모든 출력이 최신 상태입니다.
         c:\Program Files (x86)\Microsoft Visual Studio 10.0\VC\bin\CL.exe /c /ZI /nologo /W3 /WX- /Od /Oy- /D WIN32 /D _WINDOWS /D _DEBUG /D _UNICODE /D UNICODE /D _AFXDLL /Gm /EHsc /RTC1 /MDd /GS /fp:precise /Zc:wchar_t /Zc:forScope /Yu"StdAfx.h" /Fp"Debug\ex0115.pch" /Fo"Debug\\" /Fd"Debug\vc100.pdb" /Gd /TP /analyze- /errorReport:prompt ChildView.cpp
         ChildView.cpp
     1>c:\users\juny\documents\visual studio 2010\projects\week11_day2\ex0115\childview.cpp(85): warning C4244: '초기화 중' : 'LONG'에서 'float'(으)로 변환하면서 데이터가 손실될 수 있습니다.
     1>c:\users\juny\documents\visual studio 2010\projects\week11_day2\ex0115\childview.cpp(86): warning C4244: '초기화 중' : 'LONG'에서 'float'(으)로 변환하면서 데이터가 손실될 수 있습니다.
     1>c:\users\juny\documents\visual studio 2010\projects\week11_day2\ex0115\childview.cpp(93): warning C4244: '인수' : 'float'에서 'int'(으)로 변환하면서 데이터가 손실될 수 있습니다.
     1>c:\users\juny\documents\visual studio 2010\projects\week11_day2\ex0115\childview.cpp(94): warning C4244: '인수' : 'float'에서 'int'(으)로 변환하면서 데이터가 손실될 수 있습니다.
       ResourceCompile:
         모든 출력이 최신 상태입니다.
       ManifestResourceCompile:
         모든 출력이 최신 상태입니다.
       Link:
         c:\Program Files (x86)\Microsoft Visual Studio 10.0\VC\bin\link.exe /ERRORREPORT:PROMPT /OUT:"C:\Users\JunY\Documents\Visual Studio 2010\Projects\Week11_Day2\Debug\ex0115.exe" /INCREMENTAL /NOLOGO /MANIFEST /ManifestFile:"Debug\ex0115.exe.intermediate.manifest" /MANIFESTUAC:"level='asInvoker' uiAccess='false'" /DEBUG /PDB:"C:\Users\JunY\Documents\Visual Studio 2010\Projects\Week11_Day2\Debug\ex0115.pdb" /SUBSYSTEM:WINDOWS /TLBID:1 /ENTRY:"wWinMainCRTStartup" /DYNAMICBASE /NXCOMPAT /IMPLIB:"C:\Users\JunY\Documents\Visual Studio 2010\Projects\Week11_Day2\Debug\ex0115.lib" /MACHINE:X86 Debug\ex0115.res
         Debug\ex0115.exe.embed.manifest.res
         Debug\ChildView.obj
         Debug\ex0115.obj
         Debug\MainFrm.obj
         Debug\stdafx.obj
       Manifest:
         c:\Program Files (x86)\Microsoft SDKs\Windows\v7.0A\bin\mt.exe /nologo /verbose /out:"Debug\ex0115.exe.embed.manifest" /manifest Debug\ex0115.exe.intermediate.manifest "c:\Program Files (x86)\Microsoft Visual Studio 10.0\VC\Include\Manifest\dpiaware.manifest"
         모든 출력이 최신 상태입니다.
       LinkEmbedManifest:
         모든 출력이 최신 상태입니다.
         ex0115.vcxproj -> C:\Users\JunY\Documents\Visual Studio 2010\Projects\Week11_Day2\Debug\ex0115.exe
       FinalizeBuildStatus:
         "Debug\ex0115.unsuccessfulbuild" 파일을 삭제하고 있습니다.
         "Debug\ex0115.lastbuildstate"에 연결(touching)하고 있습니다.
     1>"C:\Users\JunY\Documents\Visual Studio 2010\Projects\Week11_Day2\ex0115\ex0115.vcxproj" 프로젝트를 빌드했습니다(build 대상).

빌드했습니다.

경과 시간: 00:00:01.29
