빌드 시작: 2019-06-10 오후 2:46:24
     1>2 노드의 "C:\Users\JunY\Documents\Visual Studio 2010\Projects\Week15_Day1(2)\Week15_Day1(2)\Week15_Day1(2).vcxproj" 프로젝트(build 대상)입니다.
     1>InitializeBuildStatus:
         "AlwaysCreate"이(가) 지정되었기 때문에 "Debug\Week15_Day1(2).unsuccessfulbuild"을(를) 만들고 있습니다.
       ClCompile:
         모든 출력이 최신 상태입니다.
         c:\Program Files (x86)\Microsoft Visual Studio 10.0\VC\bin\CL.exe /c /ZI /nologo /W3 /WX- /Od /Oy- /D WIN32 /D _WINDOWS /D _DEBUG /D _UNICODE /D UNICODE /D _AFXDLL /Gm /EHsc /RTC1 /MDd /GS /fp:precise /Zc:wchar_t /Zc:forScope /Yu"StdAfx.h" /Fp"Debug\Week15_Day1(2).pch" /Fo"Debug\\" /Fd"Debug\vc100.pdb" /Gd /TP /analyze- /errorReport:prompt "Week15_Day1(2).cpp" "Week15_Day1(2)Dlg.cpp"
         Week15_Day1(2)Dlg.cpp
         코드를 생성하고 있습니다...
         컴파일하고 있습니다...
         Week15_Day1(2).cpp
         코드를 생성하고 있습니다...
       ResourceCompile:
         c:\Program Files (x86)\Microsoft SDKs\Windows\v7.0A\bin\rc.exe /D _DEBUG /D _UNICODE /D UNICODE /D _AFXDLL /l"0x0412" /IDebug\ /nologo /fo"Debug\Week15_Day1(2).res" "Week15_Day1(2).rc" 
       ManifestResourceCompile:
         모든 출력이 최신 상태입니다.
       Link:
         c:\Program Files (x86)\Microsoft Visual Studio 10.0\VC\bin\link.exe /ERRORREPORT:PROMPT /OUT:"C:\Users\JunY\Documents\Visual Studio 2010\Projects\Week15_Day1(2)\Debug\Week15_Day1(2).exe" /INCREMENTAL /NOLOGO /MANIFEST /ManifestFile:"Debug\Week15_Day1(2).exe.intermediate.manifest" /MANIFESTUAC:"level='asInvoker' uiAccess='false'" /DEBUG /PDB:"C:\Users\JunY\Documents\Visual Studio 2010\Projects\Week15_Day1(2)\Debug\Week15_Day1(2).pdb" /SUBSYSTEM:WINDOWS /TLBID:1 /ENTRY:"wWinMainCRTStartup" /DYNAMICBASE /NXCOMPAT /IMPLIB:"C:\Users\JunY\Documents\Visual Studio 2010\Projects\Week15_Day1(2)\Debug\Week15_Day1(2).lib" /MACHINE:X86 "Debug\Week15_Day1(2).res"
         "Debug\Week15_Day1(2).exe.embed.manifest.res"
         Debug\stdafx.obj
         "Debug\Week15_Day1(2).obj"
         "Debug\Week15_Day1(2)Dlg.obj"
       Manifest:
         c:\Program Files (x86)\Microsoft SDKs\Windows\v7.0A\bin\mt.exe /nologo /verbose /out:"Debug\Week15_Day1(2).exe.embed.manifest" /manifest "Debug\Week15_Day1(2).exe.intermediate.manifest" "c:\Program Files (x86)\Microsoft Visual Studio 10.0\VC\Include\Manifest\dpiaware.manifest"
         모든 출력이 최신 상태입니다.
       LinkEmbedManifest:
         모든 출력이 최신 상태입니다.
         Week15_Day1(2).vcxproj -> C:\Users\JunY\Documents\Visual Studio 2010\Projects\Week15_Day1(2)\Debug\Week15_Day1(2).exe
       FinalizeBuildStatus:
         "Debug\Week15_Day1(2).unsuccessfulbuild" 파일을 삭제하고 있습니다.
         "Debug\Week15_Day1(2).lastbuildstate"에 연결(touching)하고 있습니다.
     1>"C:\Users\JunY\Documents\Visual Studio 2010\Projects\Week15_Day1(2)\Week15_Day1(2)\Week15_Day1(2).vcxproj" 프로젝트를 빌드했습니다(build 대상).

빌드했습니다.

경과 시간: 00:00:01.89
